algorithm
analysis
approach
approximation
architecture
automation
classification
computation
computer
control
data
database
definition
design
development
device
distributed
engineering
environment
estimation
evaluation
execution
feature
framework
generation
graphic
hardware
hierarchy
implementation
information
integrated
integration
interaction
interface
interpretation
language
machine
management
measurement
mechanism
method
methodology
metric
modelling
model
module
multiparadigm
network
optimisation
pattern
prediction
probability
problem
procedure
process
processing
processor
program
programming
protocol
reasoning
representation
science
service
software
solution
specification
standard
standardisation
statistic
strategy
structure
study
synthesis
system
technique
technology
theory
tool
workbench